<?xml version="1.0" encoding="UTF-8"?><testsuite errors="0" failures="1" name="Login" skipped="0" tests="1" time="10.51" timestamp="2018-12-03 09:30:34"><testcase name="Login on the page indeed"><failure message="Without connection to the network - Expected net.serenitybdd.screenplay.QuestionSubject@648d0e6d&#10;Expected: is &lt;true&gt;&#10;     but: was &lt;false&gt;" type="java.lang.AssertionError">Without connection to the network - Expected net.serenitybdd.screenplay.QuestionSubject@648d0e6d
Expected: is &lt;true&gt;
     but: was &lt;false&gt;</failure><system-err>Without connection to the network - Expected net.serenitybdd.screenplay.QuestionSubject@648d0e6d
Expected: is &lt;true&gt;
     but: was &lt;false&gt;&#13;
com.indeed.co.certification.task.OpenTheBrowser.performAs(OpenTheBrowser.java:28)&#13;
com.indeed.co.certification.stepdefinitions.LoginStepDefinitions.thatFreynsWantsToLoginInThePage(LoginStepDefinitions.java:41)&#13;
cucumber.runner.Runner.runPickle(Runner.java:80)&#13;
org.eclipse.jdt.internal.junit4.runner.JUnit4TestReference.run(JUnit4TestReference.java:86)&#13;
org.eclipse.jdt.internal.junit.runner.TestExecution.run(TestExecution.java:38)&#13;
org.eclipse.jdt.internal.junit.runner.RemoteTestRunner.runTests(RemoteTestRunner.java:538)&#13;
org.eclipse.jdt.internal.junit.runner.RemoteTestRunner.runTests(RemoteTestRunner.java:760)&#13;
org.eclipse.jdt.internal.junit.runner.RemoteTestRunner.run(RemoteTestRunner.java:460)&#13;
org.eclipse.jdt.internal.junit.runner.RemoteTestRunner.main(RemoteTestRunner.java:206)&#13;
</system-err></testcase></testsuite>