<?xml version="1.0" encoding="UTF-8"?><testsuite errors="0" failures="1" name="Apply to a job" skipped="0" tests="1" time="464.57" timestamp="2018-12-03 08:14:36"><testcase name="Apply to a job in the page Indeed"><failure message="Expected enabled element was not enabled" type="net.thucydides.core.webdriver.exceptions.ElementShouldBeEnabledException">Expected enabled element was not enabled</failure><system-err>Expected enabled element was not enabled&#13;
com.indeed.co.certification.task.EnterTheWord.performAs(EnterTheWord.java:28)&#13;
com.indeed.co.certification.stepdefinitions.SearchJobStepDefinitions.he_enters_in_the_input_the_work_he_wants_search(SearchJobStepDefinitions.java:45)&#13;
cucumber.runner.Runner.runPickle(Runner.java:80)&#13;
org.eclipse.jdt.internal.junit4.runner.JUnit4TestReference.run(JUnit4TestReference.java:86)&#13;
org.eclipse.jdt.internal.junit.runner.TestExecution.run(TestExecution.java:38)&#13;
org.eclipse.jdt.internal.junit.runner.RemoteTestRunner.runTests(RemoteTestRunner.java:538)&#13;
org.eclipse.jdt.internal.junit.runner.RemoteTestRunner.runTests(RemoteTestRunner.java:760)&#13;
org.eclipse.jdt.internal.junit.runner.RemoteTestRunner.run(RemoteTestRunner.java:460)&#13;
org.eclipse.jdt.internal.junit.runner.RemoteTestRunner.main(RemoteTestRunner.java:206)&#13;
</system-err></testcase></testsuite>